2014-10-12 17:48:10.538 DrDiab[54063:70b] Apache Cordova native platform version 3.6.3 is starting.
2014-10-12 17:48:10.539 DrDiab[54063:70b] Multi-tasking -> Device: YES, App: YES
2014-10-12 17:48:10.548 DrDiab[54063:70b] Unlimited access to network resources
2014-10-12 17:48:10.550 DrDiab[54063:70b] 

Started backup to iCloud! Please be careful.
Your application might be rejected by Apple if you store too much data.
For more information please read "iOS Data Storage Guidelines" at:
https://developer.apple.com/icloud/documentation/data-storage/

2014-10-12 17:48:10.654 DrDiab[54063:70b] Resetting plugins due to page load.
2014-10-12 17:48:10.689 DrDiab[54063:70b] Finished load of: file:///Users/Quentin/Library/Developer/CoreSimulator/Devices/3B99D0BD-63ED-43FC-A727-5A745A3FEB30/data/Applications/F2901E10-F6CC-4C0B-AE9E-1337F67D5F26/DrDiab.app/www/index.html
2014-10-15 15:18:50.776 DrDiab[39772:70b] Apache Cordova native platform version 3.6.3 is starting.
2014-10-15 15:18:50.777 DrDiab[39772:70b] Multi-tasking -> Device: YES, App: YES
2014-10-15 15:18:50.787 DrDiab[39772:70b] Unlimited access to network resources
2014-10-15 15:18:50.790 DrDiab[39772:70b] 

Started backup to iCloud! Please be careful.
Your application might be rejected by Apple if you store too much data.
For more information please read "iOS Data Storage Guidelines" at:
https://developer.apple.com/icloud/documentation/data-storage/

2014-10-15 15:18:50.983 DrDiab[39772:70b] Resetting plugins due to page load.
2014-10-15 15:18:51.040 DrDiab[39772:70b] Finished load of: file:///Users/Quentin/Library/Developer/CoreSimulator/Devices/A090AB8E-C33A-413A-8444-7D7D1AE6D38C/data/Applications/911E549D-40E8-434B-B5B8-9E065D9257EE/DrDiab.app/www/index.html
